<?xml version="1.0" encoding="UTF-8"?>
<testsuite xmlns:xsi="http://www.w3.org/2001/XMLSchema-instance" xsi:noNamespaceSchemaLocation="https://maven.apache.org/surefire/maven-surefire-plugin/xsd/surefire-test-report.xsd" name="TestSuite" time="55.427" tests="6" errors="0" skipped="0" failures="0">
  <properties>
[...]
</properties>
  <testcase name="loginTest" classname="com.project.testCases.Tc_001" time="0.421"/>
  <testcase name="loginDDT" classname="com.project.testCases.Tc_002" time="6.651"/>
  <testcase name="loginDDT" classname="com.project.testCases.Tc_002" time="6.358"/>
  <testcase name="loginDDT" classname="com.project.testCases.Tc_002" time="6.307"/>
  <testcase name="loginDDT" classname="com.project.testCases.Tc_002" time="6.274"/>
  <testcase name="loginDDT" classname="com.project.testCases.Tc_002" time="11.289"/>
</testsuite>