<?xml version="1.0" encoding="UTF-8"?>
<testng-results ignored="0" total="6" passed="6" failed="0" skipped="0">
  <reporter-output>
  </reporter-output>
  <suite started-at="2022-05-11T16:53:57 EDT" name="Suite" finished-at="2022-05-11T16:54:51 EDT" duration-ms="53926">
    <groups>
    </groups>
    <test started-at="2022-05-11T16:53:57 EDT" name="Test" finished-at="2022-05-11T16:54:51 EDT" duration-ms="53926">
      <class name="com.project.testCases.Tc_002">
        <test-method is-config="true" signature="setup(java.lang.String)[pri:0, instance:com.project.testCases.Tc_002@2abf4075]" started-at="2022-05-11T16:54:05 EDT" name="setup" finished-at="2022-05-11T16:54:10 EDT" duration-ms="5373" status="PASS">
          <params>
            <param index="0">
              <value>
                <![CDATA[chrome]]>
              </value>
            </param>
          </params>
          <reporter-output>
          </reporter-output>
        </test-method> <!-- setup -->
        <test-method signature="loginDDT(java.lang.String, java.lang.String)[pri:0, instance:com.project.testCases.Tc_002@2abf4075]" started-at="2022-05-11T16:54:12 EDT" name="loginDDT" data-provider="LoginData" finished-at="2022-05-11T16:54:19 EDT" duration-ms="6698" status="PASS">
          <params>
            <param index="0">
              <value>
                <![CDATA[standard_user]]>
              </value>
            </param>
            <param index="1">
              <value>
                <![CDATA[secret_sauce]]>
              </value>
            </param>
          </params>
          <reporter-output>
          </reporter-output>
        </test-method> <!-- loginDDT -->
        <test-method signature="loginDDT(java.lang.String, java.lang.String)[pri:0, instance:com.project.testCases.Tc_002@2abf4075]" started-at="2022-05-11T16:54:19 EDT" name="loginDDT" data-provider="LoginData" finished-at="2022-05-11T16:54:25 EDT" duration-ms="6358" status="PASS">
          <params>
            <param index="0">
              <value>
                <![CDATA[standard_user]]>
              </value>
            </param>
            <param index="1">
              <value>
                <![CDATA[secret_sauce]]>
              </value>
            </param>
          </params>
          <reporter-output>
          </reporter-output>
        </test-method> <!-- loginDDT -->
        <test-method signature="loginDDT(java.lang.String, java.lang.String)[pri:0, instance:com.project.testCases.Tc_002@2abf4075]" started-at="2022-05-11T16:54:25 EDT" name="loginDDT" data-provider="LoginData" finished-at="2022-05-11T16:54:31 EDT" duration-ms="6307" status="PASS">
          <params>
            <param index="0">
              <value>
                <![CDATA[problem_user]]>
              </value>
            </param>
            <param index="1">
              <value>
                <![CDATA[secret_sauce]]>
              </value>
            </param>
          </params>
          <reporter-output>
          </reporter-output>
        </test-method> <!-- loginDDT -->
        <test-method signature="loginDDT(java.lang.String, java.lang.String)[pri:0, instance:com.project.testCases.Tc_002@2abf4075]" started-at="2022-05-11T16:54:31 EDT" name="loginDDT" data-provider="LoginData" finished-at="2022-05-11T16:54:38 EDT" duration-ms="6273" status="PASS">
          <params>
            <param index="0">
              <value>
                <![CDATA[problem_user]]>
              </value>
            </param>
            <param index="1">
              <value>
                <![CDATA[secret_sauce]]>
              </value>
            </param>
          </params>
          <reporter-output>
          </reporter-output>
        </test-method> <!-- loginDDT -->
        <test-method signature="loginDDT(java.lang.String, java.lang.String)[pri:0, instance:com.project.testCases.Tc_002@2abf4075]" started-at="2022-05-11T16:54:38 EDT" name="loginDDT" data-provider="LoginData" finished-at="2022-05-11T16:54:49 EDT" duration-ms="11289" status="PASS">
          <params>
            <param index="0">
              <value>
                <![CDATA[performance_glitch_user]]>
              </value>
            </param>
            <param index="1">
              <value>
                <![CDATA[secret_sauce]]>
              </value>
            </param>
          </params>
          <reporter-output>
          </reporter-output>
        </test-method> <!-- loginDDT -->
        <test-method is-config="true" signature="tearDown()[pri:0, instance:com.project.testCases.Tc_002@2abf4075]" started-at="2022-05-11T16:54:49 EDT" name="tearDown" finished-at="2022-05-11T16:54:51 EDT" duration-ms="1632" status="PASS">
          <reporter-output>
          </reporter-output>
        </test-method> <!-- tearDown -->
      </class> <!-- com.project.testCases.Tc_002 -->
      <class name="com.project.testCases.Tc_001">
        <test-method is-config="true" signature="setup(java.lang.String)[pri:0, instance:com.project.testCases.Tc_001@6a370f4]" started-at="2022-05-11T16:53:57 EDT" name="setup" finished-at="2022-05-11T16:54:03 EDT" duration-ms="5694" status="PASS">
          <params>
            <param index="0">
              <value>
                <![CDATA[chrome]]>
              </value>
            </param>
          </params>
          <reporter-output>
          </reporter-output>
        </test-method> <!-- setup -->
        <test-method signature="loginTest()[pri:0, instance:com.project.testCases.Tc_001@6a370f4]" started-at="2022-05-11T16:54:03 EDT" name="loginTest" finished-at="2022-05-11T16:54:03 EDT" duration-ms="419" status="PASS">
          <reporter-output>
          </reporter-output>
        </test-method> <!-- loginTest -->
        <test-method is-config="true" signature="tearDown()[pri:0, instance:com.project.testCases.Tc_001@6a370f4]" started-at="2022-05-11T16:54:03 EDT" name="tearDown" finished-at="2022-05-11T16:54:05 EDT" duration-ms="1942" status="PASS">
          <reporter-output>
          </reporter-output>
        </test-method> <!-- tearDown -->
      </class> <!-- com.project.testCases.Tc_001 -->
    </test> <!-- Test -->
  </suite> <!-- Suite -->
</testng-results>
