<?xml version="1.0" encoding="UTF-8"?>
<!-- Generated by org.testng.reporters.JUnitXMLReporter -->
<testsuite ignored="0" hostname="DESKTOP-3EEUE6J" failures="0" tests="6" name="Test" time="53.926" errors="0" timestamp="2022-05-11T16:54:51 EDT">
  <testcase classname="com.project.testCases.Tc_001" name="loginTest" time="0.419"/>
  <testcase classname="com.project.testCases.Tc_002" name="loginDDT" time="6.698"/>
  <testcase classname="com.project.testCases.Tc_002" name="loginDDT" time="6.358"/>
  <testcase classname="com.project.testCases.Tc_002" name="loginDDT" time="6.307"/>
  <testcase classname="com.project.testCases.Tc_002" name="loginDDT" time="6.273"/>
  <testcase classname="com.project.testCases.Tc_002" name="loginDDT" time="11.289"/>
</testsuite> <!-- Test -->
