<?xml version="1.0" encoding="UTF-8"?>
<!-- Generated by org.testng.reporters.JUnitXMLReporter -->
<testsuite ignored="0" hostname="DESKTOP-3EEUE6J" failures="3" tests="6" name="Test" time="59.112" errors="0" timestamp="2022-05-11T13:28:36 EDT">
  <testcase classname="com.project.testCases.Tc_001" name="loginTest" time="1.526">
    <failure type="java.lang.AssertionError" message="did not expect to find [true] but found [false]">
      <![CDATA[java.lang.AssertionError: did not expect to find [true] but found [false]
at com.project.testCases.Tc_001.loginTest(Tc_001.java:33)
at java.base/java.util.ArrayList.forEach(ArrayList.java:1511)
... Removed 31 stack frames]]>
    </failure>
  </testcase> <!-- loginTest -->
  <testcase classname="com.project.testCases.Tc_002" name="loginDDT" time="5.99">
    <failure type="java.lang.AssertionError" message="did not expect to find [true] but found [false]">
      <![CDATA[java.lang.AssertionError: did not expect to find [true] but found [false]
at com.project.testCases.Tc_002.loginDDT(Tc_002.java:48)
at java.base/java.util.ArrayList.forEach(ArrayList.java:1511)
... Removed 31 stack frames]]>
    </failure>
  </testcase> <!-- loginDDT -->
  <testcase classname="com.project.testCases.Tc_002" name="loginDDT" time="6.805"/>
  <testcase classname="com.project.testCases.Tc_002" name="loginDDT" time="6.014">
    <failure type="java.lang.AssertionError" message="did not expect to find [true] but found [false]">
      <![CDATA[java.lang.AssertionError: did not expect to find [true] but found [false]
at com.project.testCases.Tc_002.loginDDT(Tc_002.java:48)
at java.base/java.util.ArrayList.forEach(ArrayList.java:1511)
... Removed 31 stack frames]]>
    </failure>
  </testcase> <!-- loginDDT -->
  <testcase classname="com.project.testCases.Tc_002" name="loginDDT" time="6.999"/>
  <testcase classname="com.project.testCases.Tc_002" name="loginDDT" time="11.556"/>
</testsuite> <!-- Test -->
